2025-12-09 08:04:57, MOVE, v:1, k:poo@estacionamento, mode:PICK
2025-12-09 08:04:59, EXEC, v:1, k:poo@estacionamento, mode:FULL, rate:0
2025-12-09 08:05:23, EXEC, v:1, k:poo@estacionamento, mode:FULL, rate:0
2025-12-09 08:36:59, EXEC, v:1, k:poo@estacionamento, mode:FULL, rate:0, size:120
2025-12-09 08:37:05, EXEC, v:1, k:poo@estacionamento, mode:FULL, rate:0
2025-12-09 08:38:11, MOVE, v:1, k:poo@estacionamento, mode:BACK
2025-12-09 08:38:18, MOVE, v:1, k:poo@estacionamento, mode:PICK
2025-12-09 08:38:18, EXEC, v:1, k:poo@estacionamento, mode:FULL, rate:0
2025-12-09 08:40:04, EXEC, v:1, k:poo@estacionamento, mode:FULL, rate:0, size:120
2025-12-09 08:42:28, EXEC, v:1, k:poo@estacionamento, mode:FULL, rate:0, size:122
2025-12-09 08:42:29, EXEC, v:1, k:poo@estacionamento, mode:FULL, rate:0, size:122
2025-12-09 08:43:02, EXEC, v:1, k:poo@estacionamento, mode:FULL, rate:0, size:120
2025-12-09 08:44:17, EXEC, v:1, k:poo@estacionamento, mode:FULL, rate:0, size:120
2025-12-09 08:45:04, EXEC, v:1, k:poo@estacionamento, mode:FULL, rate:0
2025-12-09 08:55:01, EXEC, v:1, k:poo@estacionamento, mode:FULL, rate:0, size:123
2025-12-09 08:55:31, EXEC, v:1, k:poo@estacionamento, mode:FULL, rate:75, size:123
2025-12-09 08:55:43, EXEC, v:1, k:poo@estacionamento, mode:FULL, rate:75
2025-12-09 09:01:50, EXEC, v:1, k:poo@estacionamento, mode:FULL, rate:75, size:125
2025-12-09 09:08:01, EXEC, v:1, k:poo@estacionamento, mode:FULL, rate:75, size:125
2025-12-09 09:08:27, EXEC, v:1, k:poo@estacionamento, mode:FULL, rate:100, size:125
2025-12-09 09:09:33, EXEC, v:1, k:poo@estacionamento, mode:FULL, rate:100
2025-12-09 09:09:33, MOVE, v:1, k:poo@estacionamento, mode:BACK
2025-12-09 09:23:27, MOVE, v:1, k:poo@estacionamento, mode:PICK
2025-12-09 09:23:28, EXEC, v:1, k:poo@estacionamento, mode:FULL, rate:100
2025-12-09 09:23:36, MOVE, v:1, k:poo@estacionamento, mode:BACK
2025-12-09 09:46:12, SELF, v:1, k:poo@estacionamento, rate:100, human:_amigo, alone:9, study:200
2025-12-09 15:51:55, MOVE, v:1, k:poo@estacionamento, mode:PICK
2025-12-09 15:51:56, EXEC, v:1, k:poo@estacionamento, mode:FULL, rate:100
2025-12-09 16:02:24, EXEC, v:1, k:poo@estacionamento, mode:FULL, rate:100
2025-12-09 16:34:38, EXEC, v:1, k:poo@estacionamento, mode:FULL, rate:100, size:125
2025-12-09 16:34:40, MOVE, v:1, k:poo@estacionamento, mode:BACK
2025-12-09 16:34:45, MOVE, v:1, k:poo@pagamento, mode:PICK
2025-12-09 16:34:45, EXEC, v:1, k:poo@pagamento, mode:LOCK, rate:0
2025-12-09 16:34:46, EXEC, v:1, k:poo@pagamento, mode:LOCK, rate:0
2025-12-09 16:40:00, EXEC, v:1, k:poo@pagamento, mode:LOCK, rate:0
2025-12-09 16:43:25, EXEC, v:1, k:poo@pagamento, mode:LOCK, rate:0
2025-12-09 16:46:19, EXEC, v:1, k:poo@pagamento, mode:LOCK, rate:0
